cptr/build/intermediates/manifest_merge_blame_file/debug/manifest-merger-blame-debug-report.txt
1<?xml version="1.0" encoding="utf-8"?>
2<manifest xmlns:android="http://schemas.android.com/apk/res/android"
3    package="com.chanven.lib.cptr"
4    android:versionCode="1"
5    android:versionName="1.0" >
6
7    <application
7-->DeveloperHeadlines5\cptr\AndroidManifest.xml:8:5-11:19
8        android:allowBackup="true"
8-->DeveloperHeadlines5\cptr\AndroidManifest.xml:9:9-35
9        android:label="@string/app_name" >
9-->DeveloperHeadlines5\cptr\AndroidManifest.xml:10:9-41
10    </application>
11
12</manifest>